<?xml version="1.0" encoding="UTF-8"?>
<!-- Generated by org.testng.reporters.JUnitReportReporter -->
<testsuite skipped="0" hostname="EG-QA-Engy" name="employeeTC.employeeAddIdeaTC02" tests="1" failures="0" timestamp="2021-11-11T16:29:32 EET" time="8.567" errors="0">
  <testcase name="addIdea" time="8.567" classname="employeeTC.employeeAddIdeaTC02"/>
  <system-out/>
</testsuite> <!-- employeeTC.employeeAddIdeaTC02 -->
