<?xml version="1.0" encoding="UTF-8"?>
<!-- Generated by org.testng.reporters.JUnitReportReporter -->
<testsuite skipped="0" hostname="EG-QA-Engy" name="employeeTC.Login" tests="1" failures="0" timestamp="2022-03-13T20:11:14 EET" time="0.605" errors="0">
  <testcase name="employeeLogin" time="0.605" classname="employeeTC.Login"/>
  <system-out/>
</testsuite> <!-- employeeTC.Login -->
