<?xml version="1.0" encoding="UTF-8"?>
<!-- Generated by org.testng.reporters.JUnitReportReporter -->
<testsuite skipped="0" hostname="EG-QA-Engy" name="superAdminTC.quarterEvaluation" tests="1" failures="0" timestamp="2021-11-11T16:29:32 EET" time="431.405" errors="0">
  <testcase name="expertReview" time="431.405" classname="superAdminTC.quarterEvaluation"/>
  <system-out/>
</testsuite> <!-- superAdminTC.quarterEvaluation -->
