<?xml version="1.0" encoding="UTF-8"?>
<!-- Generated by org.testng.reporters.JUnitReportReporter -->
<testsuite hostname="Engy" failures="0" tests="1" name="Ideate.HomePage" time="9.500" errors="0" timestamp="25 Sep 2021 06:44:09 GMT" skipped="0">
  <testcase classname="Ideate.HomePage" name="navigation" time="9.500"/>
</testsuite> <!-- Ideate.HomePage -->
