<?xml version="1.0" encoding="UTF-8"?>
<!-- Generated by org.testng.reporters.JUnitReportReporter -->
<testsuite hostname="Engy" failures="0" tests="1" name="Ideate.HomeEmployee" time="0.015" errors="0" timestamp="02 Oct 2021 14:37:48 GMT" skipped="0">
  <testcase classname="Ideate.HomeEmployee" name="homePagevalidation" time="0.015"/>
</testsuite> <!-- Ideate.HomeEmployee -->
