<?xml version="1.0" encoding="UTF-8"?>
<!-- Generated by org.testng.reporters.JUnitReportReporter -->
<testsuite skipped="0" hostname="EG-QA-Engy" name="Search.Testt" tests="1" failures="0" timestamp="2022-03-07T17:16:24 EET" time="2.068" errors="0">
  <testcase name="searchForIdea" time="2.068" classname="Search.Testt"/>
  <system-out/>
</testsuite> <!-- Search.Testt -->
