<?xml version="1.0" encoding="UTF-8"?>
<!-- Generated by org.testng.reporters.JUnitReportReporter -->
<testsuite hostname="EG-QA-Engy" failures="0" tests="1" name="employeeTC.AddIdeaToChallenge" time="50.765" errors="0" timestamp="2021-11-09T12:03:01 EET" skipped="0">
  <testcase classname="employeeTC.AddIdeaToChallenge" name="addIdea" time="50.765"/>
  <system-out/>
</testsuite> <!-- employeeTC.AddIdeaToChallenge -->
