<?xml version="1.0" encoding="UTF-8"?>
<!-- Generated by org.testng.reporters.JUnitReportReporter -->
<testsuite skipped="0" hostname="EG-QA-Engy" name="pagesContentChecks.GeneralPageValidation" tests="1" failures="0" timestamp="2021-12-20T18:00:48 EET" time="1.017" errors="0">
  <testcase name="homePagevalidation" time="1.017" classname="pagesContentChecks.GeneralPageValidation"/>
  <system-out/>
</testsuite> <!-- pagesContentChecks.GeneralPageValidation -->
