<?xml version="1.0" encoding="UTF-8"?>
<!-- Generated by org.testng.reporters.JUnitReportReporter -->
<testsuite hostname="EG-QA-Engy" failures="0" tests="5" name="Search.SearchForIdea" time="11.737" errors="0" timestamp="2022-03-14T18:44:57 EET" skipped="0">
  <testcase classname="Search.SearchForIdea" name="createIdea" time="6.013"/>
  <system-out/>
  <testcase classname="Search.SearchForIdea" name="searchForIdea" time="1.816"/>
  <system-out/>
  <testcase classname="Search.SearchForIdea" name="searchForPeople" time="0.890"/>
  <system-out/>
  <testcase classname="Search.SearchForIdea" name="searchForskills" time="1.438"/>
  <system-out/>
  <testcase classname="Search.SearchForIdea" name="searchForBussUnit" time="1.580"/>
  <system-out/>
</testsuite> <!-- Search.SearchForIdea -->
