<?xml version="1.0" encoding="UTF-8"?>
<!-- Generated by org.testng.reporters.JUnitReportReporter -->
<testsuite hostname="EG-QA-Engy" failures="0" tests="5" name="Search.SearchForIdea" time="13.211" errors="0" timestamp="2022-03-15T12:36:27 EET" skipped="0">
  <testcase classname="Search.SearchForIdea" name="createIdea" time="7.105"/>
  <system-out/>
  <testcase classname="Search.SearchForIdea" name="searchForIdea" time="1.747"/>
  <system-out/>
  <testcase classname="Search.SearchForIdea" name="searchForPeople" time="0.714"/>
  <system-out/>
  <testcase classname="Search.SearchForIdea" name="searchForskills" time="1.720"/>
  <system-out/>
  <testcase classname="Search.SearchForIdea" name="searchForBussUnit" time="1.925"/>
  <system-out/>
</testsuite> <!-- Search.SearchForIdea -->
