<?xml version="1.0" encoding="UTF-8"?>
<!-- Generated by org.testng.reporters.JUnitReportReporter -->
<testsuite skipped="0" hostname="Engy" name="employeeTC.Login" tests="1" failures="0" timestamp="2021-10-20T13:55:54 EET" time="0.842" errors="0">
  <testcase name="employeeLogin" time="0.842" classname="employeeTC.Login"/>
  <system-out/>
</testsuite> <!-- employeeTC.Login -->
