<?xml version="1.0" encoding="UTF-8"?>
<!-- Generated by org.testng.reporters.JUnitReportReporter -->
<testsuite hostname="EG-QA-Engy" failures="0" tests="1" name="employeeTC.employeeAddIdeaTC02" time="8.430" errors="0" timestamp="2021-11-08T21:22:00 EET" skipped="0">
  <testcase classname="employeeTC.employeeAddIdeaTC02" name="addIdea" time="8.430"/>
  <system-out/>
</testsuite> <!-- employeeTC.employeeAddIdeaTC02 -->
