<?xml version="1.0" encoding="UTF-8"?>
<!-- Generated by org.testng.reporters.JUnitReportReporter -->
<testsuite skipped="0" hostname="EG-QA-Engy" name="superAdmin_ChallengeCreation.test" tests="1" failures="0" timestamp="2021-12-07T15:07:40 EET" time="5.100" errors="0">
  <testcase name="addnewChallenge" time="5.100" classname="superAdmin_ChallengeCreation.test"/>
  <system-out/>
</testsuite> <!-- superAdmin_ChallengeCreation.test -->
