<?xml version="1.0" encoding="UTF-8"?>
<!-- Generated by org.testng.reporters.JUnitReportReporter -->
<testsuite hostname="Engy" failures="0" tests="1" name="Ideate.employeeAddIdeaTC02" time="11.405" errors="0" timestamp="10 Oct 2021 19:52:40 GMT" skipped="0">
  <testcase classname="Ideate.employeeAddIdeaTC02" name="navigation" time="11.405"/>
</testsuite> <!-- Ideate.employeeAddIdeaTC02 -->
