<?xml version="1.0" encoding="UTF-8"?>
<!-- Generated by org.testng.reporters.JUnitReportReporter -->
<testsuite hostname="EG-QA-Engy" failures="0" tests="1" name="superAdmin_ChallengeCreation.EmployeeAddIdeaToChallenge" time="4.269" errors="0" timestamp="2021-11-06T14:56:08 EET" skipped="0">
  <testcase classname="superAdmin_ChallengeCreation.EmployeeAddIdeaToChallenge" name="addIdeaToChallenge" time="4.269"/>
  <system-out/>
</testsuite> <!-- superAdmin_ChallengeCreation.EmployeeAddIdeaToChallenge -->
