<?xml version="1.0" encoding="UTF-8"?>
<!-- Generated by org.testng.reporters.JUnitReportReporter -->
<testsuite skipped="0" hostname="EG-QA-Engy" name="employeeTC.HomeEmployee" tests="1" failures="0" timestamp="2021-11-12T22:31:36 EET" time="3.766" errors="0">
  <testcase name="homePagevalidation" time="3.766" classname="employeeTC.HomeEmployee"/>
  <system-out/>
</testsuite> <!-- employeeTC.HomeEmployee -->
