<?xml version="1.0" encoding="UTF-8"?>
<!-- Generated by org.testng.reporters.JUnitReportReporter -->
<testsuite skipped="0" hostname="Engy" name="superAdminTC.winningPodiumStage" tests="1" failures="0" timestamp="2021-10-27T11:05:28 EET" time="6.841" errors="0">
  <testcase name="committeeEvaluation" time="6.841" classname="superAdminTC.winningPodiumStage"/>
  <system-out/>
</testsuite> <!-- superAdminTC.winningPodiumStage -->
