<?xml version="1.0" encoding="UTF-8"?>
<!-- Generated by org.testng.reporters.JUnitReportReporter -->
<testsuite skipped="0" hostname="Engy" name="employeeTC.employeeAddIdeaTC02" tests="1" failures="0" timestamp="2021-10-20T11:55:45 EET" time="15.499" errors="0">
  <testcase name="addIdea" time="15.499" classname="employeeTC.employeeAddIdeaTC02"/>
  <system-out/>
</testsuite> <!-- employeeTC.employeeAddIdeaTC02 -->
