<?xml version="1.0" encoding="UTF-8"?>
<!-- Generated by org.testng.reporters.JUnitReportReporter -->
<testsuite hostname="EG-QA-Engy" failures="0" tests="1" name="superAdminTC.Login" time="2.007" errors="0" timestamp="2021-11-08T19:48:27 EET" skipped="0">
  <testcase classname="superAdminTC.Login" name="login" time="2.007"/>
  <system-out/>
</testsuite> <!-- superAdminTC.Login -->
