<?xml version="1.0" encoding="UTF-8"?>
<!-- Generated by org.testng.reporters.JUnitReportReporter -->
<testsuite skipped="0" hostname="EG-QA-Engy" name="superAdmin_ChallengeCreation.EmployeeAddIdeaToChallenge" tests="1" failures="0" timestamp="2021-11-11T17:46:02 EET" time="0.000" errors="0">
  <testcase name="addIdeaToChallenge" time="0.000" classname="superAdmin_ChallengeCreation.EmployeeAddIdeaToChallenge"/>
  <system-out/>
</testsuite> <!-- superAdmin_ChallengeCreation.EmployeeAddIdeaToChallenge -->
