<?xml version="1.0" encoding="UTF-8"?>
<!-- Generated by org.testng.reporters.JUnitReportReporter -->
<testsuite skipped="0" hostname="EG-QA-Engy" name="employeeTC.AddIdeaToChallenge" tests="1" failures="0" timestamp="2022-01-11T21:46:08 EET" time="29.958" errors="0">
  <testcase name="addIdea" time="29.958" classname="employeeTC.AddIdeaToChallenge"/>
  <system-out/>
</testsuite> <!-- employeeTC.AddIdeaToChallenge -->
