<?xml version="1.0" encoding="UTF-8"?>
<!-- Generated by org.testng.reporters.JUnitReportReporter -->
<testsuite skipped="0" hostname="Engy" name="employeeTC.HomeEmployee" tests="1" failures="0" timestamp="2021-10-20T11:52:18 EET" time="5.457" errors="0">
  <testcase name="homePagevalidation" time="5.457" classname="employeeTC.HomeEmployee"/>
  <system-out/>
</testsuite> <!-- employeeTC.HomeEmployee -->
