<?xml version="1.0" encoding="UTF-8"?>
<!-- Generated by org.testng.reporters.JUnitReportReporter -->
<testsuite skipped="0" hostname="EG-QA-Engy" name="pagesContentChecks.Dashboardvalidation" tests="1" failures="0" timestamp="2021-12-20T13:33:28 EET" time="7.719" errors="0">
  <testcase name="homePagevalidation" time="7.719" classname="pagesContentChecks.Dashboardvalidation"/>
  <system-out/>
</testsuite> <!-- pagesContentChecks.Dashboardvalidation -->
