<?xml version="1.0" encoding="UTF-8"?>
<!-- Generated by org.testng.reporters.JUnitReportReporter -->
<testsuite skipped="0" hostname="EG-QA-Engy" name="superAdminTC.ExpertReviewStage" tests="1" failures="0" timestamp="2021-12-01T13:47:25 EET" time="39.163" errors="0">
  <testcase name="expertReview" time="39.163" classname="superAdminTC.ExpertReviewStage"/>
  <system-out/>
</testsuite> <!-- superAdminTC.ExpertReviewStage -->
