<?xml version="1.0" encoding="UTF-8"?>
<!-- Generated by org.testng.reporters.JUnitReportReporter -->
<testsuite skipped="0" hostname="EG-QA-Engy" name="superAdmin_ChallengeCreation.CreateChallenge" tests="3" failures="0" timestamp="2021-12-14T13:56:32 EET" time="504.818" errors="0">
  <testcase name="addnewChallenge" time="3.918" classname="superAdmin_ChallengeCreation.CreateChallenge"/>
  <system-out/>
  <testcase name="employeeaddidea" time="32.927" classname="superAdmin_ChallengeCreation.CreateChallenge"/>
  <system-out/>
  <testcase name="sAdminevaluatesIdea" time="467.973" classname="superAdmin_ChallengeCreation.CreateChallenge"/>
  <system-out/>
</testsuite> <!-- superAdmin_ChallengeCreation.CreateChallenge -->
