<?xml version="1.0" encoding="UTF-8"?>
<!-- Generated by org.testng.reporters.JUnitReportReporter -->
<testsuite skipped="0" hostname="EG-QA-Engy" name="superAdmin_ChallengeCreation.fortest" tests="1" failures="0" timestamp="2022-01-11T22:32:11 EET" time="410.188" errors="0">
  <testcase name="evaluation" time="410.188" classname="superAdmin_ChallengeCreation.fortest"/>
  <system-out/>
</testsuite> <!-- superAdmin_ChallengeCreation.fortest -->
