<?xml version="1.0" encoding="UTF-8"?>
<!-- Generated by org.testng.reporters.JUnitReportReporter -->
<testsuite skipped="0" hostname="EG-QA-Engy" name="pagesContentChecks.GeneralPage" tests="1" failures="0" timestamp="2021-12-14T15:03:01 EET" time="0.004" errors="0">
  <testcase name="homePagevalidation" time="0.004" classname="pagesContentChecks.GeneralPage"/>
  <system-out/>
</testsuite> <!-- pagesContentChecks.GeneralPage -->
