<?xml version="1.0" encoding="UTF-8"?>
<!-- Generated by org.testng.reporters.JUnitReportReporter -->
<testsuite skipped="0" hostname="Engy" name="superAdminTC.quarterEvaluation" tests="1" failures="0" timestamp="2021-10-26T22:24:55 EET" time="31.037" errors="0">
  <testcase name="employeeLogin" time="31.037" classname="superAdminTC.quarterEvaluation"/>
  <system-out/>
</testsuite> <!-- superAdminTC.quarterEvaluation -->
