<?xml version="1.0" encoding="UTF-8"?>
<!-- Generated by org.testng.reporters.JUnitReportReporter -->
<testsuite hostname="EG-QA-Engy" failures="0" tests="1" name="superAdmin_ChallengeCreation.test" time="398.292" errors="0" timestamp="2021-11-10T12:03:41 EET" skipped="0">
  <testcase classname="superAdmin_ChallengeCreation.test" name="addnewChallenge" time="398.292"/>
  <system-out/>
</testsuite> <!-- superAdmin_ChallengeCreation.test -->
