<?xml version="1.0" encoding="UTF-8"?>
<!-- Generated by org.testng.reporters.JUnitReportReporter -->
<testsuite skipped="0" hostname="EG-QA-Engy" name="employeeTC.registration" tests="1" failures="0" timestamp="2021-11-11T16:29:32 EET" time="27.300" errors="0">
  <testcase name="tempEmailcreation" time="27.300" classname="employeeTC.registration"/>
  <system-out/>
</testsuite> <!-- employeeTC.registration -->
