<?xml version="1.0" encoding="UTF-8"?>
<!-- Generated by org.testng.reporters.JUnitReportReporter -->
<testsuite hostname="EG-QA-Engy" failures="0" tests="1" name="employeeTC.employeeAddIdeaTC02" time="12.371" errors="0" timestamp="2022-03-15T15:13:13 EET" skipped="0">
  <testcase classname="employeeTC.employeeAddIdeaTC02" name="addIdea" time="12.371"/>
  <system-out/>
</testsuite> <!-- employeeTC.employeeAddIdeaTC02 -->
