<?xml version="1.0" encoding="UTF-8"?>
<!-- Generated by org.testng.reporters.JUnitReportReporter -->
<testsuite skipped="0" hostname="Engy" name="superAdminTC.Login" tests="1" failures="0" timestamp="2021-10-20T15:58:11 EET" time="13.209" errors="0">
  <testcase name="login" time="13.209" classname="superAdminTC.Login"/>
  <system-out/>
</testsuite> <!-- superAdminTC.Login -->
