<?xml version="1.0" encoding="UTF-8"?>
<!-- Generated by org.testng.reporters.JUnitReportReporter -->
<testsuite hostname="EG-QA-Engy" failures="0" tests="2" name="superAdmin_ChallengeCreation.CreateChallenge" time="14.442" errors="0" timestamp="2021-11-08T20:42:48 EET" skipped="0">
  <testcase classname="superAdmin_ChallengeCreation.CreateChallenge" name="newChallenge" time="5.040"/>
  <system-out/>
  <testcase classname="superAdmin_ChallengeCreation.CreateChallenge" name="employeeaddidea" time="9.402"/>
  <system-out/>
</testsuite> <!-- superAdmin_ChallengeCreation.CreateChallenge -->
