<?xml version="1.0" encoding="UTF-8"?>
<!-- Generated by org.testng.reporters.JUnitReportReporter -->
<testsuite skipped="0" hostname="EG-QA-Engy" name="superAdminTC.winningPodiumStage" tests="1" failures="0" timestamp="2021-11-29T13:22:17 EET" time="9.694" errors="0">
  <testcase name="committeeEvaluation" time="9.694" classname="superAdminTC.winningPodiumStage"/>
  <system-out/>
</testsuite> <!-- superAdminTC.winningPodiumStage -->
