<?xml version="1.0" encoding="UTF-8"?>
<!-- Generated by org.testng.reporters.JUnitReportReporter -->
<testsuite hostname="EG-QA-Engy" failures="0" tests="1" name="employeeTC.Login" time="1.424" errors="0" timestamp="2022-03-15T12:32:33 EET" skipped="0">
  <testcase classname="employeeTC.Login" name="employeeLogin" time="1.424"/>
  <system-out/>
</testsuite> <!-- employeeTC.Login -->
