<?xml version="1.0" encoding="UTF-8"?>
<!-- Generated by org.testng.reporters.JUnitReportReporter -->
<testsuite hostname="Engy" failures="0" tests="1" name="Ideate.HomeEmployee" time="0.000" errors="0" timestamp="01 Oct 2021 21:26:08 GMT" skipped="0">
  <testcase classname="Ideate.HomeEmployee" name="homePagevalidation" time="0.000"/>
</testsuite> <!-- Ideate.HomeEmployee -->
